<?xml version="1.0" encoding="UTF-8"?>
<testsuite name="ru.stqa.pft.trainer.SquareTests" tests="1" skipped="0" failures="0" errors="0" timestamp="2020-05-01T17:01:08" hostname="LAPTOP-KUVNCR7L" time="0.007">
  <properties/>
  <testcase name="" classname="ru.stqa.pft.trainer.SquareTests" time="0.007"/>
  <system-out><![CDATA[]]></system-out>
  <system-err><![CDATA[]]></system-err>
</testsuite>
